<?xml version="1.0" encoding="UTF-8"?>
<!-- Generated by org.testng.reporters.JUnitReportReporter -->
<testsuite skipped="0" hostname="LAPTOP-BVIUIKAG" name="com.automationselenium.selenium.Mvndemo" tests="1" failures="0" timestamp="14 Jul 2021 06:18:15 GMT" time="7.866" errors="0">
  <testcase name="test" time="7.866" classname="com.automationselenium.selenium.Mvndemo"/>
</testsuite> <!-- com.automationselenium.selenium.Mvndemo -->
